1594817636454	mozrunner::runner	INFO	Running command: "C:\\Program Files\\Mozilla Firefox\\firefox.exe" "-marionette" "-foreground" "-no-remote" "-profile" "C:\\Users\\HAZEL\\AppData\\Local\\Temp\\rust_mozprofileuzzCb7"
JavaScript error: resource://gre/modules/XULStore.jsm, line 66: Error: Can't find profile directory.
1594817657243	Marionette	INFO	Listening on port 59481
1594817657557	Marionette	WARN	TLS certificate errors will be ignored for this session
1594817690787	Marionette	INFO	Stopped listening on port 59481
[Parent 9256, Gecko_IOThread] WARNING: file /builds/worker/checkouts/gecko/ipc/chromium/src/base/process_util_win.cc, line 166
[Parent 9256, Gecko_IOThread] WARNING: file /builds/worker/checkouts/gecko/ipc/chromium/src/base/process_util_win.cc, line 166

###!!! [Child][RunMessage] Error: Channel closing: too late to send/recv, messages will be lost


###!!! [Child][MessageChannel::SendAndWait] Error: Channel error: cannot send/recv

1594817820842	mozrunner::runner	INFO	Running command: "C:\\Program Files\\Mozilla Firefox\\firefox.exe" "-marionette" "-foreground" "-no-remote" "-profile" "C:\\Users\\HAZEL\\AppData\\Local\\Temp\\rust_mozprofileam9mwL"
JavaScript error: resource://gre/modules/XULStore.jsm, line 66: Error: Can't find profile directory.
1594817828879	Marionette	INFO	Listening on port 59933
1594817829242	Marionette	WARN	TLS certificate errors will be ignored for this session
1594817866297	Marionette	INFO	Stopped listening on port 59933

###!!! [Parent][MessageChannel] Error: (msgtype=0xB000D,name=PBackgroundIDBDatabase::Msg_Invalidate) Channel error: cannot send/recv


###!!! [Parent][MessageChannel] Error: (msgtype=0xB000E,name=PBackgroundIDBDatabase::Msg_CloseAfterInvalidationComplete) Channel error: cannot send/recv

[Parent 15560, Gecko_IOThread] WARNING: file /builds/worker/checkouts/gecko/ipc/chromium/src/base/process_util_win.cc, line 166
[Parent 15560, Gecko_IOThread] WARNING: file /builds/worker/checkouts/gecko/ipc/chromium/src/base/process_util_win.cc, line 166
[Parent 15560, Gecko_IOThread] WARNING: file /builds/worker/checkouts/gecko/ipc/chromium/src/base/process_util_win.cc, line 166

###!!! [Child][RunMessage] Error: Channel closing: too late to send/recv, messages will be lost


###!!! [Child][MessageChannel::SendAndWait] Error: Channel error: cannot send/recv

1594818118157	mozrunner::runner	INFO	Running command: "C:\\Program Files\\Mozilla Firefox\\firefox.exe" "-marionette" "-foreground" "-no-remote" "-profile" "C:\\Users\\HAZEL\\AppData\\Local\\Temp\\rust_mozprofileErRyk9"
JavaScript error: resource://gre/modules/XULStore.jsm, line 66: Error: Can't find profile directory.
1594818122968	Marionette	INFO	Listening on port 60539
1594818123828	Marionette	WARN	TLS certificate errors will be ignored for this session
1594818149956	Marionette	INFO	Stopped listening on port 60539

###!!! [Child][RunMessage] Error: Channel closing: too late to send/recv, messages will be lost


###!!! [Child][MessageChannel::SendAndWait] Error: Channel error: cannot send/recv

1594818517141	mozrunner::runner	INFO	Running command: "C:\\Program Files\\Mozilla Firefox\\firefox.exe" "-marionette" "-foreground" "-no-remote" "-profile" "C:\\Users\\HAZEL\\AppData\\Local\\Temp\\rust_mozprofileH7mkPz"
JavaScript error: resource://gre/modules/XULStore.jsm, line 66: Error: Can't find profile directory.
1594818522866	Marionette	INFO	Listening on port 61392
1594818523156	Marionette	WARN	TLS certificate errors will be ignored for this session
1594818534082	Marionette	INFO	Stopped listening on port 61392

###!!! [Child][RunMessage] Error: Channel closing: too late to send/recv, messages will be lost


###!!! [Child][MessageChannel::SendAndWait] Error: Channel error: cannot send/recv

1594818831543	mozrunner::runner	INFO	Running command: "C:\\Program Files\\Mozilla Firefox\\firefox.exe" "-marionette" "-foreground" "-no-remote" "-profile" "C:\\Users\\HAZEL\\AppData\\Local\\Temp\\rust_mozprofilegjWzzv"
JavaScript error: resource://gre/modules/XULStore.jsm, line 66: Error: Can't find profile directory.
[Parent 14956, Gecko_IOThread] WARNING: file /builds/worker/checkouts/gecko/ipc/chromium/src/base/process_util_win.cc, line 166
1594818852766	Marionette	INFO	Listening on port 62062
1594818853026	Marionette	WARN	TLS certificate errors will be ignored for this session
1594818867177	Marionette	INFO	Stopped listening on port 62062
[Parent 14956, Gecko_IOThread] WARNING: file /builds/worker/checkouts/gecko/ipc/chromium/src/base/process_util_win.cc, line 166

###!!! [Child][RunMessage] Error: Channel closing: too late to send/recv, messages will be lost


###!!! [Child][MessageChannel::SendAndWait] Error: (msgtype=0x5F0005,name=PImageBridge::Msg_WillClose) Channel error: cannot send/recv

1594818935512	mozrunner::runner	INFO	Running command: "C:\\Program Files\\Mozilla Firefox\\firefox.exe" "-marionette" "-foreground" "-no-remote" "-profile" "C:\\Users\\HAZEL\\AppData\\Local\\Temp\\rust_mozprofile3eg6Wj"
JavaScript error: resource://gre/modules/XULStore.jsm, line 66: Error: Can't find profile directory.
1594818941903	Marionette	INFO	Listening on port 62313
1594818942028	Marionette	WARN	TLS certificate errors will be ignored for this session
1594818950069	Marionette	INFO	Stopped listening on port 62313

###!!! [Child][RunMessage] Error: Channel closing: too late to send/recv, messages will be lost


###!!! [Child][MessageChannel::SendAndWait] Error: Channel error: cannot send/recv

1594818989698	mozrunner::runner	INFO	Running command: "C:\\Program Files\\Mozilla Firefox\\firefox.exe" "-marionette" "-foreground" "-no-remote" "-profile" "C:\\Users\\HAZEL\\AppData\\Local\\Temp\\rust_mozprofileY9puUW"
JavaScript error: resource://gre/modules/XULStore.jsm, line 66: Error: Can't find profile directory.
1594818995249	Marionette	INFO	Listening on port 62462
1594818995720	Marionette	WARN	TLS certificate errors will be ignored for this session
1594819011062	Marionette	INFO	Stopped listening on port 62462

###!!! [Child][RunMessage] Error: Channel closing: too late to send/recv, messages will be lost


###!!! [Child][MessageChannel::SendAndWait] Error: Channel error: cannot send/recv

1594819197219	mozrunner::runner	INFO	Running command: "C:\\Program Files\\Mozilla Firefox\\firefox.exe" "-marionette" "-foreground" "-no-remote" "-profile" "C:\\Users\\HAZEL\\AppData\\Local\\Temp\\rust_mozprofileqEqpxT"
JavaScript error: resource://gre/modules/XULStore.jsm, line 66: Error: Can't find profile directory.
console.error: "Could not write session state file " (new Error("_initWorker called too early! Please read the session file from disk first.", "resource:///modules/sessionstore/SessionFile.jsm", 375)) "_initWorker/<@resource:///modules/sessionstore/SessionFile.jsm:375:15\n_initWorker@resource:///modules/sessionstore/SessionFile.jsm:368:12\n_postToWorker@resource:///modules/sessionstore/SessionFile.jsm:410:16\nwrite@resource:///modules/sessionstore/SessionFile.jsm:448:24\nwrite@resource:///modules/sessionstore/SessionFile.jsm:75:32\n_writeState@resource:///modules/sessionstore/SessionSaver.jsm:360:24\n_saveState@resource:///modules/sessionstore/SessionSaver.jsm:294:17\n_saveStateAsync@resource:///modules/sessionstore/SessionSaver.jsm:344:10\nsaveStateAsyncWhenIdle@resource:///modules/sessionstore/SessionSaver.jsm:191:14\ncallback@resource://gre/modules/Timer.jsm:127:16\n"
1594819232025	Marionette	INFO	Listening on port 62882
1594819232074	Marionette	WARN	TLS certificate errors will be ignored for this session
JavaScript error: resource:///modules/sessionstore/SessionStore.jsm, line 2234: TypeError: subject.QueryInterface is not a function
[Parent 13988, Gecko_IOThread] WARNING: pipe error: 232: file /builds/worker/checkouts/gecko/ipc/chromium/src/chrome/common/ipc_channel_win.cc, line 522
A content process crashed and MOZ_CRASHREPORTER_SHUTDOWN is set, shutting down
1594819342340	Marionette	INFO	Stopped listening on port 62882

###!!! [Child][RunMessage] Error: Channel closing: too late to send/recv, messages will be lost

1594972041756	mozrunner::runner	INFO	Running command: "C:\\Program Files\\Mozilla Firefox\\firefox.exe" "-marionette" "-foreground" "-no-remote" "-profile" "C:\\Users\\HAZEL\\AppData\\Local\\Temp\\rust_mozprofileULe0YO"
JavaScript error: resource://gre/modules/XULStore.jsm, line 66: Error: Can't find profile directory.
1594972057787	Marionette	INFO	Listening on port 62074
1594972058240	Marionette	WARN	TLS certificate errors will be ignored for this session
1594972073958	Marionette	INFO	Stopped listening on port 62074

###!!! [Child][RunMessage] Error: Channel closing: too late to send/recv, messages will be lost


###!!! [Child][MessageChannel::SendAndWait] Error: Channel error: cannot send/recv

1595071237428	mozrunner::runner	INFO	Running command: "C:\\Program Files\\Mozilla Firefox\\firefox.exe" "-marionette" "-foreground" "-no-remote" "-profile" "C:\\Users\\HAZEL\\AppData\\Local\\Temp\\rust_mozprofilea4nzhi"
JavaScript error: resource://gre/modules/XULStore.jsm, line 66: Error: Can't find profile directory.
1595071257865	Marionette	INFO	Listening on port 51403
1595071258313	Marionette	WARN	TLS certificate errors will be ignored for this session
1595071321055	Marionette	WARN	TimedPromise timed out after 500 ms: stacktrace:
TimedPromise/<@chrome://marionette/content/sync.js:245:13
TimedPromise@chrome://marionette/content/sync.js:230:10
interaction.flushEventLoop@chrome://marionette/content/interaction.js:416:10
webdriverClickElement@chrome://marionette/content/interaction.js:182:31
JavaScript error: chrome://marionette/content/proxy.js, line 222: TypeError: this.browser.driver.dialogObserver is null
JavaScript error: chrome://marionette/content/proxy.js, line 222: TypeError: this.browser.driver.dialogObserver is null
[Parent 10980, Gecko_IOThread] WARNING: file /builds/worker/checkouts/gecko/ipc/chromium/src/base/process_util_win.cc, line 166
1595072397671	Marionette	INFO	Stopped listening on port 51403
1595074253592	mozrunner::runner	INFO	Running command: "C:\\Program Files\\Mozilla Firefox\\firefox.exe" "-marionette" "-foreground" "-no-remote" "-profile" "C:\\Users\\HAZEL\\AppData\\Local\\Temp\\rust_mozprofilejMYIsP"
JavaScript error: resource://gre/modules/XULStore.jsm, line 66: Error: Can't find profile directory.
[Parent 2772, Gecko_IOThread] WARNING: file /builds/worker/checkouts/gecko/ipc/chromium/src/base/process_util_win.cc, line 166
1595074272161	Marionette	INFO	Listening on port 55677
1595074272794	Marionette	WARN	TLS certificate errors will be ignored for this session
JavaScript error: chrome://marionette/content/proxy.js, line 287: NS_ERROR_NOT_INITIALIZED
1595074303008	Marionette	INFO	Stopped listening on port 55677

###!!! [Child][RunMessage] Error: Channel closing: too late to send/recv, messages will be lost


###!!! [Child][MessageChannel::SendAndWait] Error: Channel error: cannot send/recv

1595074307053	mozrunner::runner	INFO	Running command: "C:\\Program Files\\Mozilla Firefox\\firefox.exe" "-marionette" "-foreground" "-no-remote" "-profile" "C:\\Users\\HAZEL\\AppData\\Local\\Temp\\rust_mozprofilehlR0N5"
JavaScript error: resource://gre/modules/XULStore.jsm, line 66: Error: Can't find profile directory.
1595074310945	Marionette	INFO	Listening on port 55812
1595074311375	Marionette	WARN	TLS certificate errors will be ignored for this session
1595074370164	Marionette	INFO	Stopped listening on port 55812

###!!! [Child][RunMessage] Error: Channel closing: too late to send/recv, messages will be lost


###!!! [Child][MessageChannel::SendAndWait] Error: Channel error: cannot send/recv

1595074487479	mozrunner::runner	INFO	Running command: "C:\\Program Files\\Mozilla Firefox\\firefox.exe" "-marionette" "-foreground" "-no-remote" "-profile" "C:\\Users\\HAZEL\\AppData\\Local\\Temp\\rust_mozprofileHnxfIz"
JavaScript error: resource://gre/modules/XULStore.jsm, line 66: Error: Can't find profile directory.
1595074493064	Marionette	INFO	Listening on port 56067
1595074493507	Marionette	WARN	TLS certificate errors will be ignored for this session
JavaScript error: chrome://marionette/content/proxy.js, line 287: NS_ERROR_NOT_INITIALIZED

###!!! [Parent][MessageChannel] Error: (msgtype=0xB000D,name=PBackgroundIDBDatabase::Msg_Invalidate) Channel error: cannot send/recv


###!!! [Parent][MessageChannel] Error: (msgtype=0xB000E,name=PBackgroundIDBDatabase::Msg_CloseAfterInvalidationComplete) Channel error: cannot send/recv

[Parent 13416, Gecko_IOThread] WARNING: file /builds/worker/checkouts/gecko/ipc/chromium/src/base/process_util_win.cc, line 166
[Parent 13416, Gecko_IOThread] WARNING: file /builds/worker/checkouts/gecko/ipc/chromium/src/base/process_util_win.cc, line 166
[Parent 13416, Gecko_IOThread] WARNING: file /builds/worker/checkouts/gecko/ipc/chromium/src/base/process_util_win.cc, line 166
1595074563133	Marionette	INFO	Stopped listening on port 56067

###!!! [Child][MessageChannel::SendAndWait] Error: Channel error: cannot send/recv

1595074565767	mozrunner::runner	INFO	Running command: "C:\\Program Files\\Mozilla Firefox\\firefox.exe" "-marionette" "-foreground" "-no-remote" "-profile" "C:\\Users\\HAZEL\\AppData\\Local\\Temp\\rust_mozprofilexA0J1r"
JavaScript error: resource://gre/modules/XULStore.jsm, line 66: Error: Can't find profile directory.
1595074569477	Marionette	INFO	Listening on port 56207
1595074569581	Marionette	WARN	TLS certificate errors will be ignored for this session
JavaScript error: chrome://marionette/content/proxy.js, line 287: NS_ERROR_NOT_INITIALIZED
[Parent 13768, Gecko_IOThread] WARNING: file /builds/worker/checkouts/gecko/ipc/chromium/src/base/process_util_win.cc, line 166
[Parent 13768, Gecko_IOThread] WARNING: file /builds/worker/checkouts/gecko/ipc/chromium/src/base/process_util_win.cc, line 166
[Parent 13768, Gecko_IOThread] WARNING: file /builds/worker/checkouts/gecko/ipc/chromium/src/base/process_util_win.cc, line 166
1595074658197	Marionette	INFO	Stopped listening on port 56207

###!!! [Child][RunMessage] Error: Channel closing: too late to send/recv, messages will be lost

1595128224826	mozrunner::runner	INFO	Running command: "C:\\Program Files\\Mozilla Firefox\\firefox.exe" "-marionette" "-foreground" "-no-remote" "-profile" "C:\\Users\\HAZEL\\AppData\\Local\\Temp\\rust_mozprofilezPIu61"
JavaScript error: resource://gre/modules/XULStore.jsm, line 66: Error: Can't find profile directory.
1595128244312	Marionette	INFO	Listening on port 55288
1595128246326	Marionette	WARN	TLS certificate errors will be ignored for this session
1595128269566	Marionette	INFO	Stopped listening on port 55288

###!!! [Child][RunMessage] Error: Channel closing: too late to send/recv, messages will be lost


###!!! [Child][MessageChannel::SendAndWait] Error: (msgtype=0x5F0005,name=PImageBridge::Msg_WillClose) Channel error: cannot send/recv

1595128278335	mozrunner::runner	INFO	Running command: "C:\\Program Files\\Mozilla Firefox\\firefox.exe" "-marionette" "-foreground" "-no-remote" "-profile" "C:\\Users\\HAZEL\\AppData\\Local\\Temp\\rust_mozprofileNKjpzO"
JavaScript error: resource://gre/modules/XULStore.jsm, line 66: Error: Can't find profile directory.
1595128283587	Marionette	INFO	Listening on port 55417
1595128284038	Marionette	WARN	TLS certificate errors will be ignored for this session
1595128304083	Marionette	INFO	Stopped listening on port 55417

###!!! [Child][RunMessage] Error: Channel closing: too late to send/recv, messages will be lost


###!!! [Child][MessageChannel::SendAndWait] Error: Channel error: cannot send/recv

1595128311447	mozrunner::runner	INFO	Running command: "C:\\Program Files\\Mozilla Firefox\\firefox.exe" "-marionette" "-foreground" "-no-remote" "-profile" "C:\\Users\\HAZEL\\AppData\\Local\\Temp\\rust_mozprofile6S9gQj"
JavaScript error: resource://gre/modules/XULStore.jsm, line 66: Error: Can't find profile directory.
1595128316042	Marionette	INFO	Listening on port 55510
1595128316439	Marionette	WARN	TLS certificate errors will be ignored for this session
1595128333361	Marionette	INFO	Stopped listening on port 55510

###!!! [Child][RunMessage] Error: Channel closing: too late to send/recv, messages will be lost


###!!! [Child][MessageChannel::SendAndWait] Error: Channel error: cannot send/recv

1595128339562	mozrunner::runner	INFO	Running command: "C:\\Program Files\\Mozilla Firefox\\firefox.exe" "-marionette" "-foreground" "-no-remote" "-profile" "C:\\Users\\HAZEL\\AppData\\Local\\Temp\\rust_mozprofiletw72XL"
JavaScript error: resource://gre/modules/XULStore.jsm, line 66: Error: Can't find profile directory.
1595128343681	Marionette	INFO	Listening on port 55591
1595128343936	Marionette	WARN	TLS certificate errors will be ignored for this session
1595128358919	Marionette	INFO	Stopped listening on port 55591

###!!! [Child][RunMessage] Error: Channel closing: too late to send/recv, messages will be lost


###!!! [Child][MessageChannel::SendAndWait] Error: Channel error: cannot send/recv

1595128365695	mozrunner::runner	INFO	Running command: "C:\\Program Files\\Mozilla Firefox\\firefox.exe" "-marionette" "-foreground" "-no-remote" "-profile" "C:\\Users\\HAZEL\\AppData\\Local\\Temp\\rust_mozprofilewgyKZw"
JavaScript error: resource://gre/modules/XULStore.jsm, line 66: Error: Can't find profile directory.
1595128369718	Marionette	INFO	Listening on port 55674
1595128370056	Marionette	WARN	TLS certificate errors will be ignored for this session
1595128386939	Marionette	INFO	Stopped listening on port 55674

###!!! [Child][RunMessage] Error: Channel closing: too late to send/recv, messages will be lost


###!!! [Child][MessageChannel::SendAndWait] Error: Channel error: cannot send/recv

1595128395303	mozrunner::runner	INFO	Running command: "C:\\Program Files\\Mozilla Firefox\\firefox.exe" "-marionette" "-foreground" "-no-remote" "-profile" "C:\\Users\\HAZEL\\AppData\\Local\\Temp\\rust_mozprofilePYrc2Z"
JavaScript error: resource://gre/modules/XULStore.jsm, line 66: Error: Can't find profile directory.
1595128400907	Marionette	INFO	Listening on port 55764
1595128400933	Marionette	WARN	TLS certificate errors will be ignored for this session
1595128470532	Marionette	INFO	Stopped listening on port 55764

###!!! [Child][RunMessage] Error: Channel closing: too late to send/recv, messages will be lost


###!!! [Child][MessageChannel::SendAndWait] Error: Channel error: cannot send/recv

1595128475126	mozrunner::runner	INFO	Running command: "C:\\Program Files\\Mozilla Firefox\\firefox.exe" "-marionette" "-foreground" "-no-remote" "-profile" "C:\\Users\\HAZEL\\AppData\\Local\\Temp\\rust_mozprofilemdf49x"
JavaScript error: resource://gre/modules/XULStore.jsm, line 66: Error: Can't find profile directory.
1595128481969	Marionette	INFO	Listening on port 55996
1595128482381	Marionette	WARN	TLS certificate errors will be ignored for this session
1595128550015	Marionette	INFO	Stopped listening on port 55996
[Parent 11208, Gecko_IOThread] WARNING: file /builds/worker/checkouts/gecko/ipc/chromium/src/base/process_util_win.cc, line 166

###!!! [Child][RunMessage] Error: Channel closing: too late to send/recv, messages will be lost


###!!! [Child][MessageChannel::SendAndWait] Error: Channel error: cannot send/recv

1595128554022	mozrunner::runner	INFO	Running command: "C:\\Program Files\\Mozilla Firefox\\firefox.exe" "-marionette" "-foreground" "-no-remote" "-profile" "C:\\Users\\HAZEL\\AppData\\Local\\Temp\\rust_mozprofiletSbxHT"
JavaScript error: resource://gre/modules/XULStore.jsm, line 66: Error: Can't find profile directory.
1595128562827	Marionette	INFO	Listening on port 56190
1595128562931	Marionette	WARN	TLS certificate errors will be ignored for this session
1595128581841	Marionette	INFO	Stopped listening on port 56190
JavaScript error: resource://gre/modules/UrlClassifierListManager.jsm, line 691: TypeError: this.tablesData[table] is undefined

###!!! [Parent][MessageChannel] Error: (msgtype=0xB000D,name=PBackgroundIDBDatabase::Msg_Invalidate) Channel error: cannot send/recv


###!!! [Parent][MessageChannel] Error: (msgtype=0xB000E,name=PBackgroundIDBDatabase::Msg_CloseAfterInvalidationComplete) Channel error: cannot send/recv

[Parent 8012, Gecko_IOThread] WARNING: file /builds/worker/checkouts/gecko/ipc/chromium/src/base/process_util_win.cc, line 166
[Parent 8012, Gecko_IOThread] WARNING: file /builds/worker/checkouts/gecko/ipc/chromium/src/base/process_util_win.cc, line 166
[Parent 8012, Gecko_IOThread] WARNING: file /builds/worker/checkouts/gecko/ipc/chromium/src/base/process_util_win.cc, line 166

###!!! [Child][RunMessage] Error: Channel closing: too late to send/recv, messages will be lost

1595128591772	mozrunner::runner	INFO	Running command: "C:\\Program Files\\Mozilla Firefox\\firefox.exe" "-marionette" "-foreground" "-no-remote" "-profile" "C:\\Users\\HAZEL\\AppData\\Local\\Temp\\rust_mozprofile1mJNgZ"
JavaScript error: resource://gre/modules/XULStore.jsm, line 66: Error: Can't find profile directory.
1595128600424	Marionette	INFO	Listening on port 56351
1595128600567	Marionette	WARN	TLS certificate errors will be ignored for this session
1595128614100	Marionette	INFO	Stopped listening on port 56351
[Parent 12524, Gecko_IOThread] WARNING: file /builds/worker/checkouts/gecko/ipc/chromium/src/base/process_util_win.cc, line 166
[Parent 12524, Gecko_IOThread] WARNING: file /builds/worker/checkouts/gecko/ipc/chromium/src/base/process_util_win.cc, line 166
[Parent 12524, Gecko_IOThread] WARNING: file /builds/worker/checkouts/gecko/ipc/chromium/src/base/process_util_win.cc, line 166

###!!! [Child][MessageChannel::SendAndWait] Error: Channel error: cannot send/recv

1595128627063	mozrunner::runner	INFO	Running command: "C:\\Program Files\\Mozilla Firefox\\firefox.exe" "-marionette" "-foreground" "-no-remote" "-profile" "C:\\Users\\HAZEL\\AppData\\Local\\Temp\\rust_mozprofileiiNNxJ"
JavaScript error: resource://gre/modules/XULStore.jsm, line 66: Error: Can't find profile directory.
1595128634287	Marionette	INFO	Listening on port 56448
1595128634793	Marionette	WARN	TLS certificate errors will be ignored for this session
1595128649875	mozrunner::runner	INFO	Running command: "C:\\Program Files\\Mozilla Firefox\\firefox.exe" "-marionette" "-foregroun[Parent 14944, Gecko_IOThread] WARNING: pipe error: 232: file /builds/worker/checkouts/gecko/ipc/chromium/src/chrome/common/ipc_channel_win.cc, line 522
JavaScript error: resource:///modules/sessionstore/SessionStore.jsm, line 2234: TypeError: sub1595131482542	Marionette	INFO	Stopped listening on port 56530

###!!! [Child][MessageChannel::SendAndWait] Error: Channel error: cannot send/recv

opped listening on port 56448

###!!! [Child][MessageChannel::SendAndWait] Error: Channel error: cannot send/recv

jsm, line 66: Error: Can't find profile directory.
console.error: "Could not write session state file " (new Error("_initWorker called too early! Please read the session file from disk first.", "resource:///modules/sessionstore/SessionFile.jsm", 375)) "_initWorker/<@resource:///modules/sessionstore/SessionFile.jsm:375:15\n_initWorker@resource:///modules/sessionstore/SessionFile.jsm:368:12\n_postToWorker@resource:///modules/sessionstore/SessionFile.jsm:410:16\nwrite@resource:///modules/sessionstore/SessionFile.jsm:448:24\nwrite@resource:///modules/sessionstore/SessionFile.jsm:75:32\n_writeState@resource:///modules/sessionstore/SessionSaver.jsm:360:24\n_saveState@resource:///modules/sessionstore/SessionSaver.jsm:294:17\n_saveStateAsync@resource:///modules/sessionstore/SessionSaver.jsm:344:10\nsaveStateAsyncWhenIdle@resource:///modules/sessionstore/SessionSaver.jsm:191:14\ncallback@resource://gre/modules/Timer.jsm:127:16\n"
1595129833302	Marionette	INFO	Listening on port 58605
1595129833544	Marionette	WARN	TLS certificate errors will be ignored for this session
1595129867268	Marionette	INFO	Stopped listening on port 58605
[Parent 13268, Gecko_IOThread] WARNING: file /builds/worker/checkouts/gecko/ipc/chromium/src/base/process_util_win.cc, line 166
JavaScript error: https://www.gstatic.com/recaptcha/releases/6uMSoEJtPugDt7Qm0Uu5iuSY/recaptcha__en.js, line 37: NS_ERROR_NOT_INITIALIZED: 

###!!! [Parent][RunMessage] Error: Channel error: cannot send/recv


###!!! [Parent][RunMessage] Error: Channel error: cannot send/recv


###!!! [Parent][MessageChannel] Error: (msgtype=0x590006,name=PHttpBackgroundChannel::Msg___delete__) Channel error: cannot send/recv


###!!! [Parent][RunMessage] Error: Channel error: cannot send/recv


###!!! [Parent][MessageChannel] Error: (msgtype=0x590001,name=PHttpBackgroundChannel::Msg_OnStartRequestSent) Channel error: cannot send/recv


###!!! [Parent][MessageChannel] Error: (msgtype=0x590003,name=PHttpBackgroundChannel::Msg_OnStopRequest) Channel error: cannot send/recv


###!!! [Parent][MessageChannel] Error: (msgtype=0x590001,name=PHttpBackgroundChannel::Msg_OnStartRequestSent) Channel error: cannot send/recv


###!!! [Parent][MessageChannel] Error: (msgtype=0x590003,name=PHttpBackgroundChannel::Msg_OnStopRequest) Channel error: cannot send/recv


###!!! [Parent][MessageChannel] Error: (msgtype=0x590006,name=PHttpBackgroundChannel::Msg___delete__) Channel error: cannot send/recv


###!!! [Parent][MessageChannel] Error: (msgtype=0x590006,name=PHttpBackgroundChannel::Msg___delete__) Channel error: cannot send/recv


###!!! [Parent][MessageChannel] Error: (msgtype=0x590006,name=PHttpBackgroundChannel::Msg___delete__) Channel error: cannot send/recv

[Parent 13268, Gecko_IOThread] WARNING: file /builds/worker/checkouts/gecko/ipc/chromium/src/base/process_util_win.cc, line 166

###!!! [Child][MessageChannel::SendAndWait] Error: Channel error: cannot send/recv

1595129916144	mozrunner::runner	INFO	Running command: "C:\\Program Files\\Mozilla Firefox\\firefox.exe" "-marionette" "-foreground" "-no-remote" "-profile" "C:\\Users\\HAZEL\\AppData\\Local\\Temp\\rust_mozprofileitVNyc"
JavaScript error: resource://gre/modules/XULStore.jsm, line 66: Error: Can't find profile directory.
1595129924850	Marionette	INFO	Listening on port 58785
1595131271045	Marionette	INFO	Stopped listening on port 58785

###!!! [Child][MessageChannel::SendAndWait] Error: Channel error: cannot send/recv

1595140886981	mozrunner::runner	INFO	Running command: "C:\\Program Files\\Mozilla Firefox\\firefox.exe" "-marionette" "-foreground" "-no-remote" "-profile" "C:\\Users\\HAZEL\\AppData\\Local\\Temp\\rust_mozprofilenRpl2u"
JavaScript error: resource://gre/modules/XULStore.jsm, line 66: Error: Can't find profile directory.
1595140904244	Marionette	INFO	Listening on port 60894
1595140904725	Marionette	WARN	TLS certificate errors will be ignored for this session
1595140947429	Marionette	INFO	Stopped listening on port 60894
[Child 18188, Chrome_ChildThread] WARNING: pipe error: 232: file /builds/worker/checkouts/gecko/ipc/chromium/src/chrome/common/ipc_channel_win.cc, line 522

###!!! [Child][RunMessage] Error: Channel closing: too late to send/recv, messages will be lost


###!!! [Child][MessageChannel::SendAndWait] Error: Channel error: cannot send/recv

1595140955529	mozrunner::runner	INFO	Running command: "C:\\Program Files\\Mozilla Firefox\\firefox.exe" "-marionette" "-foreground" "-no-remote" "-profile" "C:\\Users\\HAZEL\\AppData\\Local\\Temp\\rust_mozprofileswwgnd"
JavaScript error: resource://gre/modules/XULStore.jsm, line 66: Error: Can't find profile directory.
1595140958745	Marionette	INFO	Listening on port 61055
1595140958776	Marionette	WARN	TLS certificate errors will be ignored for this session
JavaScript warning: https://apps.apple.com/assets/vendor-c669ec62bcb19145f899e0f0b73df978.js, line 3009: unreachable code after return statement
JavaScript warning: https://apps.apple.com/assets/vendor-c669ec62bcb19145f899e0f0b73df978.js, line 3009: unreachable code after return statement
JavaScript warning: https://apps.apple.com/assets/vendor-c669ec62bcb19145f899e0f0b73df978.js, line 3009: unreachable code after return statement
1595141196926	Marionette	INFO	Stopped listening on port 61055

###!!! [Child][RunMessage] Error: Channel closing: too late to send/recv, messages will be lost


###!!! [Child][MessageChannel::SendAndWait] Error: Channel error: cannot send/recv

b0bd.js, line 1: Error: Loading chunk 3398 failed.
1595141043315	Marionette	INFO	Stopped listening on port 61155

###!!! [Parent][MessageChannel] Error: (msgtype=0xB000D,name=PBackgroundIDBDatabase::Msg_Invalidate) Channel error: cannot send/recv


###!!! [Parent][MessageChannel] Error: (msgtype=0xB000E,name=PBackgroundIDBDatabase::Msg_CloseAfterInvalidationComplete) Channel error: cannot send/recv

1595141218641	mozrunner::runner	INFO	Running command: "C:\\Program Files\\Mozilla Firefox\\firefox.exe" "-marionette" "-foreground" "-no-remote" "-profile" "C:\\Users\\HAZEL\\AppData\\Local\\Temp\\rust_mozprofiletho1xJ"
JavaScript error: resource://gre/modules/XULStore.jsm, line 66: Error: Can't find profile directory.
1595141224215	Marionette	INFO	Listening on port 61530
1595141224714	Marionette	WARN	TLS certificate errors will be ignored for this session
1595141264734	Marionette	INFO	Stopped listening on port 61530
[Child 12232, Chrome_ChildThread] WARNING: pipe error: 232: file /builds/worker/checkouts/gecko/ipc/chromium/src/chrome/common/ipc_channel_win.cc, line 522

###!!! [Child][RunMessage] Error: Channel closing: too late to send/recv, messages will be lost


###!!! [Child][MessageChannel::SendAndWait] Error: Channel error: cannot send/recv

1595141271468	mozrunner::runner	INFO	Running command: "C:\\Program Files\\Mozilla Firefox\\firefox.exe" "-marionette" "-foreground" "-no-remote" "-profile" "C:\\Users\\HAZEL\\AppData\\Local\\Temp\\rust_mozprofileomYYtl"
JavaScript error: resource://gre/modules/XULStore.jsm, line 66: Error: Can't find profile directory.
1595141275370	Marionette	INFO	Listening on port 61629
1595141275832	Marionette	WARN	TLS certificate errors will be ignored for this session
JavaScript warning: https://apps.apple.com/assets/vendor-c669ec62bcb19145f899e0f0b73df978.js, line 3009: unreachable code after return statement
[Child 1248, Chrome_ChildThread] WARNING: pipe error: 232: file /builds/worker/checkouts/gecko/ipc/chromium/src/chrome/common/ipc_channel_win.cc, line 522
[Child 1248, Chrome_ChildThread] WARNING: pipe error: 232: file /builds/worker/checkouts/gecko/ipc/chromium/src/chrome/common/ipc_channel_win.cc, line 522
1595141301696	Marionette	INFO	Stopped listening on port 61629

###!!! [Child][RunMessage] Error: Channel closing: too late to send/recv, messages will be lost


###!!! [Child][MessageChannel::SendAndWait] Error: Channel error: cannot send/recv

1595141312850	mozrunner::runner	INFO	Running command: "C:\\Program Files\\Mozilla Firefox\\firefox.exe" "-marionette" "-foreground" "-no-remote" "-profile" "C:\\Users\\HAZEL\\AppData\\Local\\Temp\\rust_mozprofilei33j8k"
JavaScript error: resource://gre/modules/XULStore.jsm, line 66: Error: Can't find profile directory.
1595141317314	Marionette	INFO	Listening on port 61758
1595141317326	Marionette	WARN	TLS certificate errors will be ignored for this session
JavaScript error: https://bank.paysera.com/js/compiled/manifest.be00d8e6f474960ab0bd.js, line 1: Error: Loading chunk 3393 failed.
1595141363036	Marionette	INFO	Stopped listening on port 61758

###!!! [Child][RunMessage] Error: Channel closing: too late to send/recv, messages will be lost


###!!! [Child][MessageChannel::SendAndWait] Error: Channel error: cannot send/recv

1595141470243	mozrunner::runner	INFO	Running command: "C:\\Program Files\\Mozilla Firefox\\firefox.exe" "-marionette" "-foreground" "-no-remote" "-profile" "C:\\Users\\HAZEL\\AppData\\Local\\Temp\\rust_mozprofileCWAjYv"
JavaScript error: resource://gre/modules/XULStore.jsm, line 66: Error: Can't find profile directory.
1595141474182	Marionette	INFO	Listening on port 62005
1595141474588	Marionette	WARN	TLS certificate errors will be ignored for this session
1595141514669	Marionette	INFO	Stopped listening on port 62005
[Child 18508, Chrome_ChildThread] WARNING: pipe error: 232: file /builds/worker/checkouts/gecko/ipc/chromium/src/chrome/common/ipc_channel_win.cc, line 522
[Child 18508, Chrome_ChildThread] WARNING: pipe error: 232: file /builds/worker/checkouts/gecko/ipc/chromium/src/chrome/common/ipc_channel_win.cc, line 522
[Child 18508, Chrome_ChildThread] WARNING: pipe error: 232: file /builds/worker/checkouts/gecko/ipc/chromium/src/chrome/common/ipc_channel_win.cc, line 522
[Child 18508, Chrome_ChildThread] WARNING: pipe error: 232: file /builds/worker/checkouts/gecko/ipc/chromium/src/chrome/common/ipc_channel_win.cc, line 522

###!!! [Child][RunMessage] Error: Channel closing: too late to send/recv, messages will be lost


###!!! [Child][MessageChannel::SendAndWait] Error: Channel error: cannot send/recv

1595141522179	mozrunner::runner	INFO	Running command: "C:\\Program Files\\Mozilla Firefox\\firefox.exe" "-marionette" "-foreground" "-no-remote" "-profile" "C:\\Users\\HAZEL\\AppData\\Local\\Temp\\rust_mozprofilenIczkr"
JavaScript error: resource://gre/modules/XULStore.jsm, line 66: Error: Can't find profile directory.
1595141526233	Marionette	INFO	Listening on port 62113
1595141526543	Marionette	WARN	TLS certificate errors will be ignored for this session
JavaScript error: https://www.gstatic.com/_/boq-play/_/js/k=boq-play.PlayStoreUi.en_US.Xb4fqcgTmfo.es5.O/am=GQLgpJA/d=1/excm=_b,_tp,appdetailsview/ed=1/dg=0/wt=2/ct=zgms/rs=AB1caFW6hDuJecn8FwD1heNoLTQ219bJyA/m=_b,_tp, line 457: NS_ERROR_NOT_INITIALIZED: 
JavaScript error: https://www.gstatic.com/_/boq-play/_/js/k=boq-play.PlayStoreUi.en_US.Xb4fqcgTmfo.es5.O/am=GQLgpJA/d=1/excm=_b,_tp,appdetailsview/ed=1/dg=0/wt=2/ct=zgms/rs=AB1caFW6hDuJecn8FwD1heNoLTQ219bJyA/m=_b,_tp, line 457: NS_ERROR_NOT_INITIALIZED: 

###!!! [Child][RunMessage] Error: Channel closing: too late to send/recv, messages will be lost


###!!! [Child][RunMessage] Error: Channel closing: too late to send/recv, messages will be lost

JavaScript warning: https://apps.apple.com/assets/vendor-c669ec62bcb19145f899e0f0b73df978.js, line 3009: unreachable code after return statement
1595141553630	Marionette	INFO	Stopped listening on port 62113

###!!! [Child][RunMessage] Error: Channel closing: too late to send/recv, messages will be lost


###!!! [Child][MessageChannel::SendAndWait] Error: Channel error: cannot send/recv

1595141564588	mozrunner::runner	INFO	Running command: "C:\\Program Files\\Mozilla Firefox\\firefox.exe" "-marionette" "-foreground" "-no-remote" "-profile" "C:\\Users\\HAZEL\\AppData\\Local\\Temp\\rust_mozprofileGOg2eB"
JavaScript error: resource://gre/modules/XULStore.jsm, line 66: Error: Can't find profile directory.
1595141574305	Marionette	INFO	Listening on port 62257
1595141574523	Marionette	WARN	TLS certificate errors will be ignored for this session
1595141616570	Marionette	INFO	Stopped listening on port 62257

###!!! [Child][RunMessage] Error: Channel closing: too late to send/recv, messages will be lost


###!!! [Child][MessageChannel::SendAndWait] Error: Channel error: cannot send/recv

1595173388922	mozrunner::runner	INFO	Running command: "C:\\Program Files\\Mozilla Firefox\\firefox.exe" "-marionette" "-foreground" "-no-remote" "-profile" "C:\\Users\\HAZEL\\AppData\\Local\\Temp\\rust_mozprofileGWrXEX"
JavaScript error: resource://gre/modules/XULStore.jsm, line 66: Error: Can't find profile directory.
1595173429223	Marionette	INFO	Listening on port 58469
1595173430217	Marionette	WARN	TLS certificate errors will be ignored for this session
1595173544248	Marionette	INFO	Stopped listening on port 58469

###!!! [Child][MessageChannel::SendAndWait] Error: Channel error: cannot send/recv

1595173554937	mozrunner::runner	INFO	Running command: "C:\\Program Files\\Mozilla Firefox\\firefox.exe" "-marionette" "-foreground" "-no-remote" "-profile" "C:\\Users\\HAZEL\\AppData\\Local\\Temp\\rust_mozprofileVr3Q1B"
JavaScript error: resource://gre/modules/XULStore.jsm, line 66: Error: Can't find profile directory.
console.error: "Could not write session state file " (new Error("_initWorker called too early! Please read the session file from disk first.", "resource:///modules/sessionstore/SessionFile.jsm", 375)) "_initWorker/<@resource:///modules/sessionstore/SessionFile.jsm:375:15\n_initWorker@resource:///modules/sessionstore/SessionFile.jsm:368:12\n_postToWorker@resource:///modules/sessionstore/SessionFile.jsm:410:16\nwrite@resource:///modules/sessionstore/SessionFile.jsm:448:24\nwrite@resource:///modules/sessionstore/SessionFile.jsm:75:32\n_writeState@resource:///modules/sessionstore/SessionSaver.jsm:360:24\n_saveState@resource:///modules/sessionstore/SessionSaver.jsm:294:17\n_saveStateAsync@resource:///modules/sessionstore/SessionSaver.jsm:344:10\nsaveStateAsyncWhenIdle@resource:///modules/sessionstore/SessionSaver.jsm:191:14\ncallback@resource://gre/modules/Timer.jsm:127:16\n"
1595173572487	Marionette	INFO	Listening on port 58837
1595173572569	Marionette	WARN	TLS certificate errors will be ignored for this session
JavaScript error: https://www.gstatic.com/_/boq-play/_/js/k=boq-play.PlayStoreUi.en_US.Xb4fqcgTmfo.es5.O/am=GQLgpJA/d=1/excm=_b,_tp,appdetailsview/ed=1/dg=0/wt=2/ct=zgms/rs=AB1caFW6hDuJecn8FwD1heNoLTQ219bJyA/m=_b,_tp, line 457: NS_ERROR_NOT_INITIALIZED: 
JavaScript warning: https://apps.apple.com/assets/vendor-c669ec62bcb19145f899e0f0b73df978.js, line 3009: unreachable code after return statement
1595173615444	mozrunner::runner	INFO	Running command: "C:\\Program Files\\Mozilla Firefox\\firefox.exe" "-marionette" "-foreground" "-no-remote" "-profile" "C:\\Users\\HAZEL\\AppData\\Local\\Temp\\rust_mozprofileL8zZiH"
JavaScript error: resource://gre/modules/XULStore.jsm, line 66: Error: Can't find profile directory.
console.error: "Could not write session state file " (new Error("_initWorker called too early! Please read the session file from disk first.", "resource:///modules/sessionstore/SessionFile.jsm", 375)) "_initWorker/<@resource:///modules/sessionstore/SessionFile.jsm:375:15\n_initWorker@resource:///modules/sessionstore/SessionFile.jsm:368:12\n_postToWorker@resource:///modules/sessionstore/SessionFile.jsm:410:16\nwrite@resource:///modules/sessionstore/SessionFile.jsm:448:24\nwrite@resource:///modules/sessionstore/SessionFile.jsm:75:32\n_writeState@resource:///modules/sessionstore/SessionSaver.jsm:360:24\n_saveState@resource:///modules/sessionstore/SessionSaver.jsm:294:17\n_saveStateAsync@resource:///modules/sessionstore/SessionSaver.jsm:344:10\nsaveStateAsyncWhenIdle@resource:///modules/sessionstore/SessionSaver.jsm:191:14\ncallback@resource://gre/modules/Timer.jsm:127:16\n"
1595173635332	Marionette	INFO	Listening on port 59019
1595173635798	Marionette	WARN	TLS certificate errors will be ignored for this session
1595173651823	Marionette	WARN	TimedPromise timed out after 500 ms: stacktrace:
TimedPromise/<@chrome://marionette/content/sync.js:245:13
TimedPromise@chrome://marionette/content/sync.js:230:10
interaction.flushEventLoop@chrome://marionette/content/interaction.js:416:10
webdriverClickElement@chrome://marionette/content/interaction.js:182:31
1595173700449	Marionette	INFO	Stopped listening on port 59019

###!!! [Child][RunMessage] Error: Channel closing: too late to send/recv, messages will be lost


###!!! [Child][MessageChannel::SendAndWait] Error: Channel error: cannot send/recv

1595174509491	mozrunner::runner	INFO	Running command: "C:\\Program Files\\Mozilla Firefox\\firefox.exe" "-marionette" "-foreground" "-no-remote" "-profile" "C:\\Users\\HAZEL\\AppData\\Local\\Temp\\rust_mozprofilecaZIPZ"
JavaScript error: resource://gre/modules/XULStore.jsm, line 66: Error: Can't find profile directory.
1595174521390	Marionette	INFO	Listening on port 60547
1595174522007	Marionette	WARN	TLS certificate errors will be ignored for this session
JavaScript error: chrome://marionette/content/proxy.js, line 287: NS_ERROR_NOT_INITIALIZED
1595174563292	Marionette	INFO	Stopped listening on port 60547

###!!! [Child][RunMessage] Error: Channel closing: too late to send/recv, messages will be lost


###!!! [Child][MessageChannel::SendAndWait] Error: Channel error: cannot send/recv

1595174566229	mozrunner::runner	INFO	Running command: "C:\\Program Files\\Mozilla Firefox\\firefox.exe" "-marionette" "-foreground" "-no-remote" "-profile" "C:\\Users\\HAZEL\\AppData\\Local\\Temp\\rust_mozprofileRr1DQY"
JavaScript error: resource://gre/modules/XULStore.jsm, line 66: Error: Can't find profile directory.
1595174570846	Marionette	INFO	Listening on port 60686
1595174571148	Marionette	WARN	TLS certificate errors will be ignored for this session
JavaScript error: resource://gre/actors/BrowserElementParent.jsm, line 314: TypeError: state is undefined
JavaScript error: resource://gre/actors/BrowserElementParent.jsm, line 314: TypeError: state is undefined
JavaScript warning: https://apps.apple.com/assets/vendor-c669ec62bcb19145f899e0f0b73df978.js, line 3009: unreachable code after return statement
A content process crashed and MOZ_CRASHREPORTER_SHUTDOWN is set, shutting down
JavaScript error: resource:///actors/AboutReaderChild.jsm, line 95: NS_ERROR_UNEXPECTED: 
EL\\AppData\\Local\\Temp\\rust_mozprofile1wTGA6"
JavaScript error: resource://gre/modules/XULStore.jsm, line 66: Error: Can't find profile directory.
1595174622624	Marionette	INFO	Listening on port 60842
1595174623118	Marionette	WARN	TLS certificate errors will be ignored for this session
1595174674391	Marionette	INFO	Stopped listening on port 60842
[Parent 8592, Gecko_IOThread] WARNING: file /builds/worker/checkouts/gecko/ipc/chromium/src/base/process_util_win.cc, line 166

###!!! [Child][MessageChannel::SendAndWait] Error: Channel error: cannot send/recv

1595504917557	mozrunner::runner	INFO	Running command: "C:\\Program Files\\Mozilla Firefox\\firefox.exe" "-marionette" "-foreground" "-no-remote" "-profile" "C:\\Users\\HAZEL\\AppData\\Local\\Temp\\rust_mozprofileK2dV8h"
JavaScript error: resource://gre/modules/XULStore.jsm, line 66: Error: Can't find profile directory.
1595504930281	Marionette	INFO	Listening on port 55345
1595504932823	Marionette	WARN	TLS certificate errors will be ignored for this session
1595505051178	Marionette	INFO	Stopped listening on port 55345

###!!! [Child][MessageChannel::SendAndWait] Error: Channel error: cannot send/recv

1595505056302	mozrunner::runner	INFO	Running command: "C:\\Program Files\\Mozilla Firefox\\firefox.exe" "-marionette" "-foreground" "-no-remote" "-profile" "C:\\Users\\HAZEL\\AppData\\Local\\Temp\\rust_mozprofilepx9bba"
JavaScript error: resource://gre/modules/XULStore.jsm, line 66: Error: Can't find profile directory.
1595505061635	Marionette	INFO	Listening on port 55643
1595505061729	Marionette	WARN	TLS certificate errors will be ignored for this session
JavaScript error: https://www.gstatic.com/_/boq-play/_/js/k=boq-play.PlayStoreUi.en_US.ekbefpnoy-4.es5.O/am=GQLgpJA/d=1/excm=_b,_tp,appdetailsview/ed=1/dg=0/wt=2/ct=zgms/rs=AB1caFWGnBg9iOArTri9rCi2WBU_10T7uw/m=_b,_tp, line 459: NS_ERROR_NOT_INITIALIZED: 
JavaScript warning: https://apps.apple.com/assets/vendor-c669ec62bcb19145f899e0f0b73df978.js, line 3009: unreachable code after return statement
[Child 10260, Chrome_ChildThread] WARNING: pipe error: 232: file /builds/worker/checkouts/gecko/ipc/chromium/src/chrome/common/ipc_channel_win.cc, line 522
1595505089738	Marionette	INFO	Stopped listening on port 55643

###!!! [Child][RunMessage] Error: Channel closing: too late to send/recv, messages will be lost


###!!! [Child][MessageChannel::SendAndWait] Error: Channel error: cannot send/recv

1595505098336	mozrunner::runner	INFO	Running command: "C:\\Program Files\\Mozilla Firefox\\firefox.exe" "-marionette" "-foreground" "-no-remote" "-profile" "C:\\Users\\HAZEL\\AppData\\Local\\Temp\\rust_mozprofilesPDVDe"
JavaScript error: resource://gre/modules/XULStore.jsm, line 66: Error: Can't find profile directory.
1595505105829	Marionette	INFO	Listening on port 55787
1595505105964	Marionette	WARN	TLS certificate errors will be ignored for this session
1595505152024	Marionette	INFO	Stopped listening on port 55787

###!!! [Child][RunMessage] Error: Channel closing: too late to send/recv, messages will be lost


###!!! [Child][MessageChannel::SendAndWait] Error: Channel error: cannot send/recv

1595949286179	mozrunner::runner	INFO	Running command: "C:\\Program Files\\Mozilla Firefox\\firefox.exe" "-marionette" "-foreground" "-no-remote" "-profile" "C:\\Users\\HAZEL\\AppData\\Local\\Temp\\rust_mozprofile6DyJFC"
JavaScript error: resource://gre/modules/XULStore.jsm, line 66: Error: Can't find profile directory.
1595949300245	Marionette	INFO	Listening on port 51713
1595949302959	Marionette	WARN	TLS certificate errors will be ignored for this session
1595949409415	Marionette	INFO	Stopped listening on port 51713

###!!! [Child][MessageChannel::SendAndWait] Error: (msgtype=0x5F0005,name=PImageBridge::Msg_WillClose) Channel error: cannot send/recv

1595949419315	mozrunner::runner	INFO	Running command: "C:\\Program Files\\Mozilla Firefox\\firefox.exe" "-marionette" "-foreground" "-no-remote" "-profile" "C:\\Users\\HAZEL\\AppData\\Local\\Temp\\rust_mozprofile8KschU"
JavaScript error: resource://gre/modules/XULStore.jsm, line 66: Error: Can't find profile directory.
1595949426437	Marionette	INFO	Listening on port 51979
1595949426934	Marionette	WARN	TLS certificate errors will be ignored for this session
JavaScript warning: https://apps.apple.com/assets/vendor-c669ec62bcb19145f899e0f0b73df978.js, line 3009: unreachable code after return statement
JavaScript warning: https://apps.apple.com/assets/vendor-c669ec62bcb19145f899e0f0b73df978.js, line 3009: unreachable code after return statement
1595949485692	Marionette	INFO	Stopped listening on port 51979

###!!! [Child][RunMessage] Error: Channel closing: too late to send/recv, messages will be lost


###!!! [Child][MessageChannel::SendAndWait] Error: Channel error: cannot send/recv

1595949489374	mozrunner::runner	INFO	Running command: "C:\\Program Files\\Mozilla Firefox\\firefox.exe" "-marionette" "-foreground" "-no-remote" "-profile" "C:\\Users\\HAZEL\\AppData\\Local\\Temp\\rust_mozprofileHaFpSZ"
JavaScript error: resource://gre/modules/XULStore.jsm, line 66: Error: Can't find profile directory.
1595949493878	Marionette	INFO	Listening on port 52150
1595949494290	Marionette	WARN	TLS certificate errors will be ignored for this session
1595949543828	Marionette	INFO	Stopped listening on port 52150

###!!! [Child][RunMessage] Error: Channel closing: too late to send/recv, messages will be lost


###!!! [Child][MessageChannel::SendAndWait] Error: Channel error: cannot send/recv

1596111107831	mozrunner::runner	INFO	Running command: "C:\\Program Files\\Mozilla Firefox\\firefox.exe" "-marionette" "-foreground" "-no-remote" "-profile" "C:\\Users\\HAZEL\\AppData\\Local\\Temp\\rust_mozprofileemQjoM"
JavaScript error: resource://gre/modules/XULStore.jsm, line 66: Error: Can't find profile directory.
1596111127068	Marionette	INFO	Listening on port 55433
1596111127412	Marionette	WARN	TLS certificate errors will be ignored for this session
1596111235951	Marionette	INFO	Stopped listening on port 55433

###!!! [Child][MessageChannel::SendAndWait] Error: (msgtype=0x5F0005,name=PImageBridge::Msg_WillClose) Channel error: cannot send/recv

1596111244995	mozrunner::runner	INFO	Running command: "C:\\Program Files\\Mozilla Firefox\\firefox.exe" "-marionette" "-foreground" "-no-remote" "-profile" "C:\\Users\\HAZEL\\AppData\\Local\\Temp\\rust_mozprofileeyeWFz"
JavaScript error: resource://gre/modules/XULStore.jsm, line 66: Error: Can't find profile directory.
1596111252077	Marionette	INFO	Listening on port 55710
1596111252111	Marionette	WARN	TLS certificate errors will be ignored for this session
JavaScript warning: https://apps.apple.com/assets/vendor-c669ec62bcb19145f899e0f0b73df978.js, line 3009: unreachable code after return statement
1596111280637	mozrunner::runner	INFO	Running command: "C:\\Program Files\\Mozilla Firefox\\firefox.exe" "-marionette" "-foreground" "-no-remote" "-profile" "C:\\Users\\HAZEL\\AppData\\Local\\Temp\\rust_mozprofilebcFLUy"
JavaScript error: resource://gre/modules/XULStore.jsm, line 66: Error: Can't find profile directory.
1596111291550	Marionette	INFO	Listening on port 55845
1596111291651	Marionette	WARN	TLS certificate errors will be ignored for this session
1596111325663	Marionette	WARN	TimedPromise timed out after 500 ms: stacktrace:
TimedPromise/<@chrome://marionette/content/sync.js:245:13
TimedPromise@chrome://marionette/content/sync.js:230:10
interaction.flushEventLoop@chrome://marionette/content/interaction.js:416:10
webdriverClickElement@chrome://marionette/content/interaction.js:182:31
1596111330912	Marionette	INFO	Stopped listening on port 55845

###!!! [Child][RunMessage] Error: Channel closing: too late to send/recv, messages will be lost


###!!! [Child][MessageChannel::SendAndWait] Error: (msgtype=0x5F0005,name=PImageBridge::Msg_WillClose) Channel error: cannot send/recv

